<?xml version="1.0" encoding="UTF-8"?>
<!-- Generated by org.testng.reporters.JUnitXMLReporter -->
<testsuite ignored="6" hostname="LAPTOP-SPPJ5AEL" failures="0" tests="4" name="Test" time="360.359" errors="0" timestamp="2022-06-21T12:27:25 IST">
  <testcase classname="com.crm.vtiger.createContact.CreateContactsAndVerifyTest" name="createContactsAndVerifyTest" time="53.797"/>
  <testcase classname="com.crm.vtiger.createContact.CreateContactsByUsingReportsToAndVerifyTest" name="createContactsByUsingReportsToAndVerifyTest" time="79.695"/>
  <testcase classname="com.crm.vtiger.createOrganisation.CreateOrganisationAndVerifyTest" name="createOrganisationAndVerifyTest" time="50.878"/>
  <testcase classname="com.crm.vtiger.createOrganisation.CreateOrganisationByUsingMemberOfAndVerifyTest" name="createOrganisationByUsingMemberOfAndVerifyTest" time="64.389"/>
  <testcase classname="com.crm.comcast.genericutility.BaseClass" name="@BeforeSuite connectToDataBase" time="0.0">
    <ignored/>
  </testcase> <!-- @BeforeSuite connectToDataBase -->
  <testcase classname="com.crm.comcast.genericutility.BaseClass" name="@BeforeSuite connectToDataBase" time="0.0">
    <ignored/>
  </testcase> <!-- @BeforeSuite connectToDataBase -->
  <testcase classname="com.crm.comcast.genericutility.BaseClass" name="@BeforeSuite connectToDataBase" time="0.0">
    <ignored/>
  </testcase> <!-- @BeforeSuite connectToDataBase -->
  <testcase classname="com.crm.comcast.genericutility.BaseClass" name="@AfterSuite closeDataBaseConnection" time="0.0">
    <ignored/>
  </testcase> <!-- @AfterSuite closeDataBaseConnection -->
  <testcase classname="com.crm.comcast.genericutility.BaseClass" name="@AfterSuite closeDataBaseConnection" time="0.0">
    <ignored/>
  </testcase> <!-- @AfterSuite closeDataBaseConnection -->
  <testcase classname="com.crm.comcast.genericutility.BaseClass" name="@AfterSuite closeDataBaseConnection" time="0.0">
    <ignored/>
  </testcase> <!-- @AfterSuite closeDataBaseConnection -->
</testsuite> <!-- Test -->
