<?xml version="1.0" encoding="UTF-8"?>
<testng-results ignored="0" total="1" passed="1" failed="0" skipped="0">
  <reporter-output>
    <line>
      <![CDATA[createContactsAndVerifyTest is pass]]>
    </line>
  </reporter-output>
  <suite started-at="2022-06-24T13:22:04 IST" name="Default suite" finished-at="2022-06-24T13:23:10 IST" duration-ms="65497">
    <groups>
      <group name="SmokeTest">
        <method signature="CreateContactsAndVerifyTest.createContactsAndVerifyTest()[pri:0, instance:com.crm.vtiger.createContact.CreateContactsAndVerifyTest@434a63ab]" name="createContactsAndVerifyTest" class="com.crm.vtiger.createContact.CreateContactsAndVerifyTest"/>
      </group> <!-- SmokeTest -->
    </groups>
    <test started-at="2022-06-24T13:22:04 IST" name="Default test" finished-at="2022-06-24T13:23:10 IST" duration-ms="65497">
      <class name="com.crm.vtiger.createContact.CreateContactsAndVerifyTest">
        <test-method is-config="true" signature="connectToDataBase()[pri:0, instance:com.crm.vtiger.createContact.CreateContactsAndVerifyTest@434a63ab]" started-at="2022-06-24T13:22:04 IST" name="connectToDataBase" finished-at="2022-06-24T13:22:04 IST" duration-ms="20" status="PASS">
          <reporter-output>
          </reporter-output>
        </test-method> <!-- connectToDataBase -->
        <test-method is-config="true" signature="launchThebrowser()[pri:0, instance:com.crm.vtiger.createContact.CreateContactsAndVerifyTest@434a63ab]" started-at="2022-06-24T13:22:05 IST" name="launchThebrowser" finished-at="2022-06-24T13:22:16 IST" duration-ms="10739" status="PASS">
          <reporter-output>
          </reporter-output>
        </test-method> <!-- launchThebrowser -->
        <test-method is-config="true" signature="loginToApplication()[pri:0, instance:com.crm.vtiger.createContact.CreateContactsAndVerifyTest@434a63ab]" started-at="2022-06-24T13:22:16 IST" name="loginToApplication" finished-at="2022-06-24T13:22:29 IST" duration-ms="13480" status="PASS">
          <reporter-output>
          </reporter-output>
        </test-method> <!-- loginToApplication -->
        <test-method signature="createContactsAndVerifyTest()[pri:0, instance:com.crm.vtiger.createContact.CreateContactsAndVerifyTest@434a63ab]" started-at="2022-06-24T13:22:29 IST" name="createContactsAndVerifyTest" finished-at="2022-06-24T13:23:04 IST" duration-ms="34408" status="PASS">
          <reporter-output>
            <line>
              <![CDATA[createContactsAndVerifyTest is pass]]>
            </line>
          </reporter-output>
        </test-method> <!-- createContactsAndVerifyTest -->
        <test-method is-config="true" signature="signOutTheApplication()[pri:0, instance:com.crm.vtiger.createContact.CreateContactsAndVerifyTest@434a63ab]" started-at="2022-06-24T13:23:04 IST" name="signOutTheApplication" finished-at="2022-06-24T13:23:09 IST" duration-ms="5158" status="PASS">
          <reporter-output>
          </reporter-output>
        </test-method> <!-- signOutTheApplication -->
        <test-method is-config="true" signature="closeTheBrowser()[pri:0, instance:com.crm.vtiger.createContact.CreateContactsAndVerifyTest@434a63ab]" started-at="2022-06-24T13:23:09 IST" name="closeTheBrowser" finished-at="2022-06-24T13:23:10 IST" duration-ms="975" status="PASS">
          <reporter-output>
          </reporter-output>
        </test-method> <!-- closeTheBrowser -->
        <test-method is-config="true" signature="closeDataBaseConnection()[pri:0, instance:com.crm.vtiger.createContact.CreateContactsAndVerifyTest@434a63ab]" started-at="2022-06-24T13:23:11 IST" name="closeDataBaseConnection" finished-at="2022-06-24T13:23:11 IST" duration-ms="1" status="PASS">
          <reporter-output>
          </reporter-output>
        </test-method> <!-- closeDataBaseConnection -->
      </class> <!-- com.crm.vtiger.createContact.CreateContactsAndVerifyTest -->
    </test> <!-- Default test -->
  </suite> <!-- Default suite -->
</testng-results>
